<?xml version="1.0" encoding="UTF-8"?>
<testsuite xmlns:xsi="http://www.w3.org/2001/XMLSchema-instance" xsi:noNamespaceSchemaLocation="https://maven.apache.org/surefire/maven-surefire-plugin/xsd/surefire-test-report-3.0.xsd" version="3.0" name="TestSuite" time="0.516" tests="9" errors="0" skipped="6" failures="3">
  <properties>
[...]
</properties>
  <testcase name="launchApplication" classname="pagesTests.LandingPageTest" time="0.244">
    <failure message="&#10;Parameter &apos;landingUrl&apos; is required by BeforeClass on method launchApplication but has not been marked @Optional or defined&#10;" type="org.testng.TestNGException"><![CDATA[org.testng.TestNGException: 

Parameter 'landingUrl' is required by BeforeClass on method launchApplication but has not been marked @Optional or defined

	at org.testng.internal.Parameters.createParams(Parameters.java:289)
	at org.testng.internal.Parameters.createParametersForMethod(Parameters.java:377)
	at org.testng.internal.Parameters.createParameters(Parameters.java:721)
	at org.testng.internal.Parameters.createConfigurationParameters(Parameters.java:164)
	at org.testng.internal.ConfigInvoker.invokeConfigurations(ConfigInvoker.java:275)
	at org.testng.internal.TestMethodWorker.invokeBeforeClassMethods(TestMethodWorker.java:176)
	at org.testng.internal.TestMethodWorker.run(TestMethodWorker.java:122)
	at java.base/java.util.ArrayList.forEach(ArrayList.java:1511)
	at org.testng.TestRunner.privateRun(TestRunner.java:770)
	at org.testng.TestRunner.run(TestRunner.java:591)
	at org.testng.SuiteRunner.runTest(SuiteRunner.java:402)
	at org.testng.SuiteRunner.runSequentially(SuiteRunner.java:396)
	at org.testng.SuiteRunner.privateRun(SuiteRunner.java:355)
	at org.testng.SuiteRunner.run(SuiteRunner.java:304)
	at org.testng.SuiteRunnerWorker.runSuite(SuiteRunnerWorker.java:53)
	at org.testng.SuiteRunnerWorker.run(SuiteRunnerWorker.java:96)
	at org.testng.TestNG.runSuitesSequentially(TestNG.java:1180)
	at org.testng.TestNG.runSuitesLocally(TestNG.java:1102)
	at org.testng.TestNG.runSuites(TestNG.java:1032)
	at org.testng.TestNG.run(TestNG.java:1000)
	at org.apache.maven.surefire.testng.TestNGExecutor.run(TestNGExecutor.java:151)
	at org.apache.maven.surefire.testng.TestNGDirectoryTestSuite.executeMulti(TestNGDirectoryTestSuite.java:192)
	at org.apache.maven.surefire.testng.TestNGDirectoryTestSuite.execute(TestNGDirectoryTestSuite.java:93)
	at org.apache.maven.surefire.testng.TestNGProvider.invoke(TestNGProvider.java:155)
	at org.apache.maven.surefire.booter.ForkedBooter.runSuitesInProcess(ForkedBooter.java:456)
	at org.apache.maven.surefire.booter.ForkedBooter.execute(ForkedBooter.java:169)
	at org.apache.maven.surefire.booter.ForkedBooter.run(ForkedBooter.java:595)
	at org.apache.maven.surefire.booter.ForkedBooter.main(ForkedBooter.java:581)
]]></failure>
  </testcase>
  <testcase name="verifyUserLogin" classname="pagesTests.LandingPageTest" time="0.252">
    <failure message="&#10;Parameter &apos;userName&apos; is required by @Test on method verifyUserLogin but has not been marked @Optional or defined&#10;" type="org.testng.TestNGException"><![CDATA[org.testng.TestNGException: 

Parameter 'userName' is required by @Test on method verifyUserLogin but has not been marked @Optional or defined

	at org.testng.internal.Parameters.createParams(Parameters.java:289)
	at org.testng.internal.Parameters.createParametersForMethod(Parameters.java:377)
	at org.testng.internal.Parameters.createParameters(Parameters.java:721)
	at org.testng.internal.Parameters.handleParameters(Parameters.java:895)
	at org.testng.internal.Parameters.handleParameters(Parameters.java:762)
	at org.testng.internal.ParameterHandler.handleParameters(ParameterHandler.java:60)
	at org.testng.internal.ParameterHandler.createParameters(ParameterHandler.java:39)
	at org.testng.internal.TestInvoker$MethodInvocationAgent.invoke(TestInvoker.java:771)
	at org.testng.internal.TestInvoker.invokeTestMethods(TestInvoker.java:145)
	at org.testng.internal.TestMethodWorker.invokeTestMethods(TestMethodWorker.java:146)
	at org.testng.internal.TestMethodWorker.run(TestMethodWorker.java:128)
	at java.base/java.util.ArrayList.forEach(ArrayList.java:1511)
	at org.testng.TestRunner.privateRun(TestRunner.java:770)
	at org.testng.TestRunner.run(TestRunner.java:591)
	at org.testng.SuiteRunner.runTest(SuiteRunner.java:402)
	at org.testng.SuiteRunner.runSequentially(SuiteRunner.java:396)
	at org.testng.SuiteRunner.privateRun(SuiteRunner.java:355)
	at org.testng.SuiteRunner.run(SuiteRunner.java:304)
	at org.testng.SuiteRunnerWorker.runSuite(SuiteRunnerWorker.java:53)
	at org.testng.SuiteRunnerWorker.run(SuiteRunnerWorker.java:96)
	at org.testng.TestNG.runSuitesSequentially(TestNG.java:1180)
	at org.testng.TestNG.runSuitesLocally(TestNG.java:1102)
	at org.testng.TestNG.runSuites(TestNG.java:1032)
	at org.testng.TestNG.run(TestNG.java:1000)
	at org.apache.maven.surefire.testng.TestNGExecutor.run(TestNGExecutor.java:151)
	at org.apache.maven.surefire.testng.TestNGDirectoryTestSuite.executeMulti(TestNGDirectoryTestSuite.java:192)
	at org.apache.maven.surefire.testng.TestNGDirectoryTestSuite.execute(TestNGDirectoryTestSuite.java:93)
	at org.apache.maven.surefire.testng.TestNGProvider.invoke(TestNGProvider.java:155)
	at org.apache.maven.surefire.booter.ForkedBooter.runSuitesInProcess(ForkedBooter.java:456)
	at org.apache.maven.surefire.booter.ForkedBooter.execute(ForkedBooter.java:169)
	at org.apache.maven.surefire.booter.ForkedBooter.run(ForkedBooter.java:595)
	at org.apache.maven.surefire.booter.ForkedBooter.main(ForkedBooter.java:581)
]]></failure>
    <system-err><![CDATA[[Utils] [ERROR] [Error] org.testng.TestNGException: 
Parameter &apos;userName&apos; is required by @Test on method verifyUserLogin but has not been marked @Optional or defined

	at org.testng.internal.Parameters.createParams(Parameters.java:289)
	at org.testng.internal.Parameters.createParametersForMethod(Parameters.java:377)
	at org.testng.internal.Parameters.createParameters(Parameters.java:721)
	at org.testng.internal.Parameters.handleParameters(Parameters.java:895)
	at org.testng.internal.Parameters.handleParameters(Parameters.java:762)
	at org.testng.internal.ParameterHandler.handleParameters(ParameterHandler.java:60)
	at org.testng.internal.ParameterHandler.createParameters(ParameterHandler.java:39)
	at org.testng.internal.TestInvoker$MethodInvocationAgent.invoke(TestInvoker.java:771)
	at org.testng.internal.TestInvoker.invokeTestMethods(TestInvoker.java:145)
	at org.testng.internal.TestMethodWorker.invokeTestMethods(TestMethodWorker.java:146)
	at org.testng.internal.TestMethodWorker.run(TestMethodWorker.java:128)
	at java.base/java.util.ArrayList.forEach(ArrayList.java:1511)
	at org.testng.TestRunner.privateRun(TestRunner.java:770)
	at org.testng.TestRunner.run(TestRunner.java:591)
	at org.testng.SuiteRunner.runTest(SuiteRunner.java:402)
	at org.testng.SuiteRunner.runSequentially(SuiteRunner.java:396)
	at org.testng.SuiteRunner.privateRun(SuiteRunner.java:355)
	at org.testng.SuiteRunner.run(SuiteRunner.java:304)
	at org.testng.SuiteRunnerWorker.runSuite(SuiteRunnerWorker.java:53)
	at org.testng.SuiteRunnerWorker.run(SuiteRunnerWorker.java:96)
	at org.testng.TestNG.runSuitesSequentially(TestNG.java:1180)
	at org.testng.TestNG.runSuitesLocally(TestNG.java:1102)
	at org.testng.TestNG.runSuites(TestNG.java:1032)
	at org.testng.TestNG.run(TestNG.java:1000)
	at org.apache.maven.surefire.testng.TestNGExecutor.run(TestNGExecutor.java:151)
	at org.apache.maven.surefire.testng.TestNGDirectoryTestSuite.executeMulti(TestNGDirectoryTestSuite.java:192)
	at org.apache.maven.surefire.testng.TestNGDirectoryTestSuite.execute(TestNGDirectoryTestSuite.java:93)
	at org.apache.maven.surefire.testng.TestNGProvider.invoke(TestNGProvider.java:155)
	at org.apache.maven.surefire.booter.ForkedBooter.runSuitesInProcess(ForkedBooter.java:456)
	at org.apache.maven.surefire.booter.ForkedBooter.execute(ForkedBooter.java:169)
	at org.apache.maven.surefire.booter.ForkedBooter.run(ForkedBooter.java:595)
	at org.apache.maven.surefire.booter.ForkedBooter.main(ForkedBooter.java:581)

]]></system-err>
  </testcase>
  <testcase name="verifySortingItemsDropdown" classname="pagesTests.LandingPageTest" time="0">
    <skipped message="Method LandingPageTest.verifySortingItemsDropdown()[pri:0, instance:pagesTests.LandingPageTest@48524010] depends on not successfully finished methods"/>
  </testcase>
  <testcase name="verifySorting" classname="pagesTests.LandingPageTest" time="0">
    <skipped message="Method LandingPageTest.verifySorting()[pri:0, instance:pagesTests.LandingPageTest@48524010] depends on not successfully finished methods"/>
  </testcase>
  <testcase name="verifyAddingItemToCart" classname="pagesTests.LandingPageTest" time="0">
    <skipped message="Method LandingPageTest.verifyAddingItemToCart()[pri:0, instance:pagesTests.LandingPageTest@48524010] depends on not successfully finished methods"/>
  </testcase>
  <testcase name="verifyItemDetails" classname="pagesTests.LandingPageTest" time="0">
    <skipped message="Method LandingPageTest.verifyItemDetails()[pri:0, instance:pagesTests.LandingPageTest@48524010] depends on not successfully finished methods"/>
  </testcase>
  <testcase name="verifyRemoveItem" classname="pagesTests.LandingPageTest" time="0">
    <skipped message="Method LandingPageTest.verifyRemoveItem()[pri:0, instance:pagesTests.LandingPageTest@48524010] depends on not successfully finished methods"/>
  </testcase>
  <testcase name="countItems" classname="pagesTests.LandingPageTest" time="0">
    <skipped message="Method LandingPageTest.countItems()[pri:0, instance:pagesTests.LandingPageTest@48524010] depends on not successfully finished methods"/>
  </testcase>
  <testcase name="verifyUserLogin" classname="pagesTests.LoginPageTest" time="0.013">
    <failure message="&#10;Parameter &apos;userName&apos; is required by @Test on method verifyUserLogin but has not been marked @Optional or defined&#10;" type="org.testng.TestNGException"><![CDATA[org.testng.TestNGException: 

Parameter 'userName' is required by @Test on method verifyUserLogin but has not been marked @Optional or defined

	at org.testng.internal.Parameters.createParams(Parameters.java:289)
	at org.testng.internal.Parameters.createParametersForMethod(Parameters.java:377)
	at org.testng.internal.Parameters.createParameters(Parameters.java:721)
	at org.testng.internal.Parameters.handleParameters(Parameters.java:895)
	at org.testng.internal.Parameters.handleParameters(Parameters.java:762)
	at org.testng.internal.ParameterHandler.handleParameters(ParameterHandler.java:60)
	at org.testng.internal.ParameterHandler.createParameters(ParameterHandler.java:39)
	at org.testng.internal.TestInvoker$MethodInvocationAgent.invoke(TestInvoker.java:771)
	at org.testng.internal.TestInvoker.invokeTestMethods(TestInvoker.java:145)
	at org.testng.internal.TestMethodWorker.invokeTestMethods(TestMethodWorker.java:146)
	at org.testng.internal.TestMethodWorker.run(TestMethodWorker.java:128)
	at java.base/java.util.ArrayList.forEach(ArrayList.java:1511)
	at org.testng.TestRunner.privateRun(TestRunner.java:770)
	at org.testng.TestRunner.run(TestRunner.java:591)
	at org.testng.SuiteRunner.runTest(SuiteRunner.java:402)
	at org.testng.SuiteRunner.runSequentially(SuiteRunner.java:396)
	at org.testng.SuiteRunner.privateRun(SuiteRunner.java:355)
	at org.testng.SuiteRunner.run(SuiteRunner.java:304)
	at org.testng.SuiteRunnerWorker.runSuite(SuiteRunnerWorker.java:53)
	at org.testng.SuiteRunnerWorker.run(SuiteRunnerWorker.java:96)
	at org.testng.TestNG.runSuitesSequentially(TestNG.java:1180)
	at org.testng.TestNG.runSuitesLocally(TestNG.java:1102)
	at org.testng.TestNG.runSuites(TestNG.java:1032)
	at org.testng.TestNG.run(TestNG.java:1000)
	at org.apache.maven.surefire.testng.TestNGExecutor.run(TestNGExecutor.java:151)
	at org.apache.maven.surefire.testng.TestNGDirectoryTestSuite.executeMulti(TestNGDirectoryTestSuite.java:192)
	at org.apache.maven.surefire.testng.TestNGDirectoryTestSuite.execute(TestNGDirectoryTestSuite.java:93)
	at org.apache.maven.surefire.testng.TestNGProvider.invoke(TestNGProvider.java:155)
	at org.apache.maven.surefire.booter.ForkedBooter.runSuitesInProcess(ForkedBooter.java:456)
	at org.apache.maven.surefire.booter.ForkedBooter.execute(ForkedBooter.java:169)
	at org.apache.maven.surefire.booter.ForkedBooter.run(ForkedBooter.java:595)
	at org.apache.maven.surefire.booter.ForkedBooter.main(ForkedBooter.java:581)
]]></failure>
    <system-err><![CDATA[[Utils] [ERROR] [Error] org.testng.TestNGException: 
Parameter &apos;userName&apos; is required by @Test on method verifyUserLogin but has not been marked @Optional or defined

	at org.testng.internal.Parameters.createParams(Parameters.java:289)
	at org.testng.internal.Parameters.createParametersForMethod(Parameters.java:377)
	at org.testng.internal.Parameters.createParameters(Parameters.java:721)
	at org.testng.internal.Parameters.handleParameters(Parameters.java:895)
	at org.testng.internal.Parameters.handleParameters(Parameters.java:762)
	at org.testng.internal.ParameterHandler.handleParameters(ParameterHandler.java:60)
	at org.testng.internal.ParameterHandler.createParameters(ParameterHandler.java:39)
	at org.testng.internal.TestInvoker$MethodInvocationAgent.invoke(TestInvoker.java:771)
	at org.testng.internal.TestInvoker.invokeTestMethods(TestInvoker.java:145)
	at org.testng.internal.TestMethodWorker.invokeTestMethods(TestMethodWorker.java:146)
	at org.testng.internal.TestMethodWorker.run(TestMethodWorker.java:128)
	at java.base/java.util.ArrayList.forEach(ArrayList.java:1511)
	at org.testng.TestRunner.privateRun(TestRunner.java:770)
	at org.testng.TestRunner.run(TestRunner.java:591)
	at org.testng.SuiteRunner.runTest(SuiteRunner.java:402)
	at org.testng.SuiteRunner.runSequentially(SuiteRunner.java:396)
	at org.testng.SuiteRunner.privateRun(SuiteRunner.java:355)
	at org.testng.SuiteRunner.run(SuiteRunner.java:304)
	at org.testng.SuiteRunnerWorker.runSuite(SuiteRunnerWorker.java:53)
	at org.testng.SuiteRunnerWorker.run(SuiteRunnerWorker.java:96)
	at org.testng.TestNG.runSuitesSequentially(TestNG.java:1180)
	at org.testng.TestNG.runSuitesLocally(TestNG.java:1102)
	at org.testng.TestNG.runSuites(TestNG.java:1032)
	at org.testng.TestNG.run(TestNG.java:1000)
	at org.apache.maven.surefire.testng.TestNGExecutor.run(TestNGExecutor.java:151)
	at org.apache.maven.surefire.testng.TestNGDirectoryTestSuite.executeMulti(TestNGDirectoryTestSuite.java:192)
	at org.apache.maven.surefire.testng.TestNGDirectoryTestSuite.execute(TestNGDirectoryTestSuite.java:93)
	at org.apache.maven.surefire.testng.TestNGProvider.invoke(TestNGProvider.java:155)
	at org.apache.maven.surefire.booter.ForkedBooter.runSuitesInProcess(ForkedBooter.java:456)
	at org.apache.maven.surefire.booter.ForkedBooter.execute(ForkedBooter.java:169)
	at org.apache.maven.surefire.booter.ForkedBooter.run(ForkedBooter.java:595)
	at org.apache.maven.surefire.booter.ForkedBooter.main(ForkedBooter.java:581)

]]></system-err>
  </testcase>
</testsuite>